time="2026-01-08 02:02:18.932" level=info msg="Starting a computing provider client." func=func9 file="run.go:37"
time="2026-01-08 02:03:19.863" level=info msg="Starting a computing provider client." func=func9 file="run.go:37"
time="2026-01-08 02:03:38.855" level=info msg="Starting a computing provider client." func=func9 file="run.go:37"
time="2026-01-08 02:03:38.855" level=info msg="Node ID :0472941c825c744fafccd9a193d96fbd2854e96a6997f02c47ad38b0146df6cb1fa9f1064184f4b94733c61354e2f19be0e0bd1b8a8e2c183a3797c68897d5eeac Peer ID:8059f2e9469c18220cf392ceea0d52f949c929db0448aee6258509af000dfc91 address:0x3DEa5f73478A008d5ad2A91fA8180035Df514A2a" func=InitComputingProvider file="provider.go:21"
time="2026-01-08 02:05:28.092" level=info msg="Starting a computing-provider client." func=func27 file="ubi.go:167"
time="2026-01-08 02:09:34.642" level=info msg="Starting a computing-provider client." func=func27 file="ubi.go:167"
time="2026-01-08 02:17:40.659" level=info msg="Starting a computing provider client." func=func9 file="run.go:37"
time="2026-01-08 02:17:40.659" level=info msg="Node ID :0472941c825c744fafccd9a193d96fbd2854e96a6997f02c47ad38b0146df6cb1fa9f1064184f4b94733c61354e2f19be0e0bd1b8a8e2c183a3797c68897d5eeac Peer ID:8059f2e9469c18220cf392ceea0d52f949c929db0448aee6258509af000dfc91 address:0x3DEa5f73478A008d5ad2A91fA8180035Df514A2a" func=InitComputingProvider file="provider.go:21"
time="2026-01-08 02:20:45.418" level=info msg="Starting a computing-provider client." func=func27 file="ubi.go:167"
time="2026-01-08 02:22:39.291" level=info msg="Starting a computing-provider client." func=func27 file="ubi.go:167"
time="2026-01-08 02:23:21.892" level=info msg="Your config file is:/home/flywnd/.swan/computing/config.toml" func=func27 file="ubi.go:204"
time="2026-01-08 02:23:21.892" level=info msg="CP service started successfully, listening on port: 9085" func=func27 file="ubi.go:241"
time="2026-01-08 02:41:21.898" level=info msg="collect hardware resource, freeCpu:16, freeMemory: 38.75 GiB, freeStorage: 1665.13 GiB, freeGpu: map[NVIDIA 3070:1], useGpu: map[]" func=reportClusterResourceForDocker file="ubi_service.go:2315"
time="2026-01-08 02:44:21.896" level=info msg="collect hardware resource, freeCpu:15, freeMemory: 39.02 GiB, freeStorage: 1665.12 GiB, freeGpu: map[NVIDIA 3070:1], useGpu: map[]" func=reportClusterResourceForDocker file="ubi_service.go:2315"
time="2026-01-08 02:47:21.897" level=info msg="collect hardware resource, freeCpu:16, freeMemory: 39.03 GiB, freeStorage: 1665.12 GiB, freeGpu: map[NVIDIA 3070:1], useGpu: map[]" func=reportClusterResourceForDocker file="ubi_service.go:2315"
time="2026-01-08 02:50:21.897" level=info msg="collect hardware resource, freeCpu:16, freeMemory: 38.59 GiB, freeStorage: 1665.12 GiB, freeGpu: map[NVIDIA 3070:1], useGpu: map[]" func=reportClusterResourceForDocker file="ubi_service.go:2315"
time="2026-01-08 02:53:21.896" level=info msg="collect hardware resource, freeCpu:15, freeMemory: 38.99 GiB, freeStorage: 1665.12 GiB, freeGpu: map[NVIDIA 3070:1], useGpu: map[]" func=reportClusterResourceForDocker file="ubi_service.go:2315"
time="2026-01-08 02:56:21.896" level=info msg="collect hardware resource, freeCpu:16, freeMemory: 38.99 GiB, freeStorage: 1665.12 GiB, freeGpu: map[NVIDIA 3070:1], useGpu: map[]" func=reportClusterResourceForDocker file="ubi_service.go:2315"
time="2026-01-08 02:59:21.898" level=info msg="collect hardware resource, freeCpu:15, freeMemory: 38.78 GiB, freeStorage: 1665.12 GiB, freeGpu: map[NVIDIA 3070:1], useGpu: map[]" func=reportClusterResourceForDocker file="ubi_service.go:2315"
time="2026-01-08 03:02:21.893" level=info msg="collect hardware resource, freeCpu:16, freeMemory: 38.97 GiB, freeStorage: 1665.12 GiB, freeGpu: map[NVIDIA 3070:1], useGpu: map[]" func=reportClusterResourceForDocker file="ubi_service.go:2315"
time="2026-01-08 03:05:21.898" level=info msg="collect hardware resource, freeCpu:16, freeMemory: 38.99 GiB, freeStorage: 1665.12 GiB, freeGpu: map[NVIDIA 3070:1], useGpu: map[]" func=reportClusterResourceForDocker file="ubi_service.go:2315"
time="2026-01-08 03:08:21.895" level=info msg="collect hardware resource, freeCpu:16, freeMemory: 39.00 GiB, freeStorage: 1665.12 GiB, freeGpu: map[NVIDIA 3070:1], useGpu: map[]" func=reportClusterResourceForDocker file="ubi_service.go:2315"
time="2026-01-08 03:11:21.897" level=info msg="collect hardware resource, freeCpu:16, freeMemory: 39.00 GiB, freeStorage: 1665.12 GiB, freeGpu: map[NVIDIA 3070:1], useGpu: map[]" func=reportClusterResourceForDocker file="ubi_service.go:2315"
time="2026-01-08 03:14:21.898" level=info msg="collect hardware resource, freeCpu:14, freeMemory: 38.98 GiB, freeStorage: 1665.12 GiB, freeGpu: map[NVIDIA 3070:1], useGpu: map[]" func=reportClusterResourceForDocker file="ubi_service.go:2315"
time="2026-01-08 03:17:21.896" level=info msg="collect hardware resource, freeCpu:15, freeMemory: 38.94 GiB, freeStorage: 1665.12 GiB, freeGpu: map[NVIDIA 3070:1], useGpu: map[]" func=reportClusterResourceForDocker file="ubi_service.go:2315"
time="2026-01-08 03:20:21.897" level=info msg="collect hardware resource, freeCpu:15, freeMemory: 38.57 GiB, freeStorage: 1665.12 GiB, freeGpu: map[NVIDIA 3070:1], useGpu: map[]" func=reportClusterResourceForDocker file="ubi_service.go:2315"
time="2026-01-08 03:23:21.894" level=info msg="collect hardware resource, freeCpu:15, freeMemory: 38.83 GiB, freeStorage: 1665.12 GiB, freeGpu: map[NVIDIA 3070:1], useGpu: map[]" func=reportClusterResourceForDocker file="ubi_service.go:2315"
time="2026-01-08 03:26:21.895" level=info msg="collect hardware resource, freeCpu:15, freeMemory: 38.86 GiB, freeStorage: 1665.12 GiB, freeGpu: map[NVIDIA 3070:1], useGpu: map[]" func=reportClusterResourceForDocker file="ubi_service.go:2315"
time="2026-01-08 03:29:21.897" level=info msg="collect hardware resource, freeCpu:16, freeMemory: 38.87 GiB, freeStorage: 1665.12 GiB, freeGpu: map[NVIDIA 3070:1], useGpu: map[]" func=reportClusterResourceForDocker file="ubi_service.go:2315"
